<?xml version="1.0" encoding="UTF-8"?>
<!-- Generated by org.testng.reporters.JUnitXMLReporter -->
<testsuite hostname="Admin" name="Test" tests="2" failures="0" timestamp="26 Aug 2020 03:55:47 GMT" time="18.378" errors="0">
  <testcase name="@BeforeMethod initialization" time="0.0" classname="com.qa.testcases.ContactPageTest">
    <skipped/>
  </testcase> <!-- @BeforeMethod initialization -->
  <testcase name="@AfterMethod teradown" time="0.0" classname="com.qa.testcases.ContactPageTest">
    <skipped/>
  </testcase> <!-- @AfterMethod teradown -->
  <testcase name="loginpagetest" time="1.423" classname="com.qa.testcases.LoginTestcase"/>
  <testcase name="contactpagetest" time="0.001" classname="com.qa.testcases.ContactPageTest">
    <skipped/>
  </testcase> <!-- contactpagetest -->
</testsuite> <!-- Test -->
