<?xml version="1.0" encoding="UTF-8"?>
<testsuite name="TestSuite" time="1.425" tests="4" errors="0" skipped="3" failures="0">
  <properties>
[...]
</properties>
  <testcase name="loginpagetest" classname="com.qa.testcases.LoginTestcase" time="1.425"/>
  <testcase name="initialization" classname="com.qa.testcases.ContactPageTest" time="0">
    <skipped/>
  </testcase>
  <testcase name="contactpagetest" classname="com.qa.testcases.ContactPageTest" time="0">
    <skipped/>
  </testcase>
  <testcase name="teradown" classname="com.qa.testcases.ContactPageTest" time="0">
    <skipped/>
  </testcase>
</testsuite>