<?xml version="1.0" encoding="UTF-8"?>
<testng-results skipped="1" failed="0" total="2" passed="1">
  <reporter-output>
  </reporter-output>
  <suite name="Suite" duration-ms="18378" started-at="2020-08-26T03:55:29Z" finished-at="2020-08-26T03:55:47Z">
    <groups>
    </groups>
    <test name="Test" duration-ms="18378" started-at="2020-08-26T03:55:29Z" finished-at="2020-08-26T03:55:47Z">
      <class name="com.qa.testcases.LoginTestcase">
        <test-method status="PASS" signature="initialization()[pri:0, instance:com.qa.testcases.LoginTestcase@5fdcaa40]" name="initialization" is-config="true" duration-ms="16560" started-at="2020-08-25T23:55:29Z" finished-at="2020-08-25T23:55:45Z">
          <reporter-output>
          </reporter-output>
        </test-method> <!-- initialization -->
        <test-method status="PASS" signature="loginpagetest()[pri:0, instance:com.qa.testcases.LoginTestcase@5fdcaa40]" name="loginpagetest" duration-ms="1423" started-at="2020-08-25T23:55:45Z" finished-at="2020-08-25T23:55:47Z">
          <reporter-output>
          </reporter-output>
        </test-method> <!-- loginpagetest -->
      </class> <!-- com.qa.testcases.LoginTestcase -->
      <class name="com.qa.testcases.ContactPageTest">
        <test-method status="SKIP" signature="initialization()[pri:0, instance:com.qa.testcases.ContactPageTest@6dc17b83]" name="initialization" is-config="true" duration-ms="0" started-at="2020-08-25T23:55:47Z" finished-at="2020-08-25T23:55:47Z">
          <exception class="org.testng.SkipException">
            <message>
              <![CDATA[test case is skipped as runmode is N]]>
            </message>
            <full-stacktrace>
              <![CDATA[org.testng.SkipException: test case is skipped as runmode is N
	at com.qa.testcases.ContactPageTest.initialization(ContactPageTest.java:35)
	at sun.reflect.NativeMethodAccessorImpl.invoke0(Native Method)
	at sun.reflect.NativeMethodAccessorImpl.invoke(NativeMethodAccessorImpl.java:62)
	at sun.reflect.DelegatingMethodAccessorImpl.invoke(DelegatingMethodAccessorImpl.java:43)
	at java.lang.reflect.Method.invoke(Method.java:498)
	at org.testng.internal.MethodInvocationHelper.invokeMethod(MethodInvocationHelper.java:86)
	at org.testng.internal.Invoker.invokeConfigurationMethod(Invoker.java:514)
	at org.testng.internal.Invoker.invokeConfigurations(Invoker.java:215)
	at org.testng.internal.Invoker.invokeMethod(Invoker.java:589)
	at org.testng.internal.Invoker.invokeTestMethod(Invoker.java:820)
	at org.testng.internal.Invoker.invokeTestMethods(Invoker.java:1128)
	at org.testng.internal.TestMethodWorker.invokeTestMethods(TestMethodWorker.java:129)
	at org.testng.internal.TestMethodWorker.run(TestMethodWorker.java:112)
	at org.testng.TestRunner.privateRun(TestRunner.java:782)
	at org.testng.TestRunner.run(TestRunner.java:632)
	at org.testng.SuiteRunner.runTest(SuiteRunner.java:366)
	at org.testng.SuiteRunner.runSequentially(SuiteRunner.java:361)
	at org.testng.SuiteRunner.privateRun(SuiteRunner.java:319)
	at org.testng.SuiteRunner.run(SuiteRunner.java:268)
	at org.testng.SuiteRunnerWorker.runSuite(SuiteRunnerWorker.java:52)
	at org.testng.SuiteRunnerWorker.run(SuiteRunnerWorker.java:86)
	at org.testng.TestNG.runSuitesSequentially(TestNG.java:1244)
	at org.testng.TestNG.runSuitesLocally(TestNG.java:1169)
	at org.testng.TestNG.run(TestNG.java:1064)
	at org.apache.maven.surefire.testng.TestNGExecutor.run(TestNGExecutor.java:295)
	at org.apache.maven.surefire.testng.TestNGXmlTestSuite.execute(TestNGXmlTestSuite.java:84)
	at org.apache.maven.surefire.testng.TestNGProvider.invoke(TestNGProvider.java:90)
	at org.apache.maven.surefire.booter.ForkedBooter.invokeProviderInSameClassLoader(ForkedBooter.java:203)
	at org.apache.maven.surefire.booter.ForkedBooter.runSuitesInProcess(ForkedBooter.java:155)
	at org.apache.maven.surefire.booter.ForkedBooter.main(ForkedBooter.java:103)
]]>
            </full-stacktrace>
          </exception> <!-- org.testng.SkipException -->
          <reporter-output>
          </reporter-output>
        </test-method> <!-- initialization -->
        <test-method status="SKIP" signature="contactpagetest(java.lang.String, java.lang.String, java.lang.String)[pri:0, instance:com.qa.testcases.ContactPageTest@6dc17b83]" name="contactpagetest" duration-ms="1" started-at="2020-08-25T23:55:47Z" data-provider="getcontactData" finished-at="2020-08-25T23:55:47Z">
          <params>
            <param index="0">
              <value>
                <![CDATA[rohith ]]>
              </value>
            </param>
            <param index="1">
              <value>
                <![CDATA[dubba]]>
              </value>
            </param>
            <param index="2">
              <value>
                <![CDATA[abc12@gmail.com]]>
              </value>
            </param>
          </params>
          <reporter-output>
          </reporter-output>
        </test-method> <!-- contactpagetest -->
        <test-method status="SKIP" signature="teradown()[pri:0, instance:com.qa.testcases.ContactPageTest@6dc17b83]" name="teradown" is-config="true" duration-ms="0" started-at="2020-08-25T23:55:47Z" finished-at="2020-08-25T23:55:47Z">
          <reporter-output>
          </reporter-output>
        </test-method> <!-- teradown -->
      </class> <!-- com.qa.testcases.ContactPageTest -->
    </test> <!-- Test -->
  </suite> <!-- Suite -->
</testng-results>
